<?xml version="1.0" encoding="UTF-8"?>
<testng-results skipped="0" failed="2" ignored="4" total="8" passed="2">
  <reporter-output>
  </reporter-output>
  <suite name="Suite" duration-ms="45577" started-at="2021-12-29T10:16:20 IST" finished-at="2021-12-29T10:17:06 IST">
    <groups>
      <group name="smokeTest">
        <method signature="CreateOrgTest.createOrgTest()[pri:0, instance:com.Crm.Autodesk.Org.CreateOrgTest@6043cd28]" name="createOrgTest" class="com.Crm.Autodesk.Org.CreateOrgTest"/>
        <method signature="CreateOrgTest.createOrgTest()[pri:0, instance:com.Crm.Autodesk.Org.CreateOrgTest@569cfc36]" name="createOrgTest" class="com.Crm.Autodesk.Org.CreateOrgTest"/>
      </group> <!-- smokeTest -->
    </groups>
    <test name="TestRunner-Chrome" duration-ms="45263" started-at="2021-12-29T10:16:20 IST" finished-at="2021-12-29T10:17:05 IST">
      <class name="com.AutoDesk.contacts.CreateContacttTest">
        <test-method status="PASS" signature="launchBrowser()[pri:0, instance:com.AutoDesk.contacts.CreateContacttTest@5f3a4b84]" name="launchBrowser" is-config="true" duration-ms="2384" started-at="2021-12-29T10:16:46 IST" finished-at="2021-12-29T10:16:48 IST">
          <reporter-output>
          </reporter-output>
        </test-method> <!-- launchBrowser -->
        <test-method status="PASS" signature="loginToApp()[pri:0, instance:com.AutoDesk.contacts.CreateContacttTest@5f3a4b84]" name="loginToApp" is-config="true" duration-ms="2515" started-at="2021-12-29T10:16:48 IST" finished-at="2021-12-29T10:16:51 IST">
          <reporter-output>
          </reporter-output>
        </test-method> <!-- loginToApp -->
        <test-method status="PASS" signature="CreateContacttTest()[pri:0, instance:com.AutoDesk.contacts.CreateContacttTest@5f3a4b84]" name="CreateContacttTest" duration-ms="12181" started-at="2021-12-29T10:16:51 IST" finished-at="2021-12-29T10:17:03 IST">
          <reporter-output>
          </reporter-output>
        </test-method> <!-- CreateContacttTest -->
        <test-method status="PASS" signature="logoutApp()[pri:0, instance:com.AutoDesk.contacts.CreateContacttTest@5f3a4b84]" name="logoutApp" is-config="true" duration-ms="1496" started-at="2021-12-29T10:17:03 IST" finished-at="2021-12-29T10:17:05 IST">
          <reporter-output>
          </reporter-output>
        </test-method> <!-- logoutApp -->
        <test-method status="PASS" signature="closeBrowser()[pri:0, instance:com.AutoDesk.contacts.CreateContacttTest@5f3a4b84]" name="closeBrowser" is-config="true" duration-ms="692" started-at="2021-12-29T10:17:05 IST" finished-at="2021-12-29T10:17:05 IST">
          <reporter-output>
          </reporter-output>
        </test-method> <!-- closeBrowser -->
      </class> <!-- com.AutoDesk.contacts.CreateContacttTest -->
      <class name="com.Crm.Autodesk.Org.CreateOrgTest">
        <test-method status="PASS" signature="launchBrowser()[pri:0, instance:com.Crm.Autodesk.Org.CreateOrgTest@6043cd28]" name="launchBrowser" is-config="true" duration-ms="7526" started-at="2021-12-29T10:16:20 IST" finished-at="2021-12-29T10:16:28 IST">
          <reporter-output>
          </reporter-output>
        </test-method> <!-- launchBrowser -->
        <test-method status="PASS" signature="loginToApp()[pri:0, instance:com.Crm.Autodesk.Org.CreateOrgTest@6043cd28]" name="loginToApp" is-config="true" duration-ms="4678" started-at="2021-12-29T10:16:28 IST" finished-at="2021-12-29T10:16:32 IST">
          <reporter-output>
          </reporter-output>
        </test-method> <!-- loginToApp -->
        <test-method status="FAIL" signature="createOrgTest()[pri:0, instance:com.Crm.Autodesk.Org.CreateOrgTest@6043cd28]" name="createOrgTest" duration-ms="11005" started-at="2021-12-29T10:16:32 IST" finished-at="2021-12-29T10:16:43 IST">
          <exception class="java.lang.AssertionError">
            <message>
              <![CDATA[null]]>
            </message>
            <full-stacktrace>
              <![CDATA[java.lang.AssertionError: null
at org.testng.Assert.fail(Assert.java:99)
at org.testng.Assert.fail(Assert.java:106)
at com.Crm.Autodesk.Org.CreateOrgTest.createOrgTest(CreateOrgTest.java:30)
at sun.reflect.NativeMethodAccessorImpl.invoke0(Native Method)
at sun.reflect.NativeMethodAccessorImpl.invoke(NativeMethodAccessorImpl.java:62)
at sun.reflect.DelegatingMethodAccessorImpl.invoke(DelegatingMethodAccessorImpl.java:43)
at java.lang.reflect.Method.invoke(Method.java:498)
at org.testng.internal.MethodInvocationHelper.invokeMethod(MethodInvocationHelper.java:133)
at org.testng.internal.TestInvoker.invokeMethod(TestInvoker.java:598)
at org.testng.internal.TestInvoker.invokeTestMethod(TestInvoker.java:173)
at org.testng.internal.MethodRunner.runInSequence(MethodRunner.java:46)
at org.testng.internal.TestInvoker$MethodInvocationAgent.invoke(TestInvoker.java:824)
at org.testng.internal.TestInvoker.invokeTestMethods(TestInvoker.java:146)
at org.testng.internal.TestMethodWorker.invokeTestMethods(TestMethodWorker.java:146)
at org.testng.internal.TestMethodWorker.run(TestMethodWorker.java:128)
at java.util.ArrayList.forEach(ArrayList.java:1257)
at org.testng.TestRunner.privateRun(TestRunner.java:794)
at org.testng.TestRunner.run(TestRunner.java:596)
at org.testng.SuiteRunner.runTest(SuiteRunner.java:377)
at org.testng.SuiteRunner.access$000(SuiteRunner.java:28)
at org.testng.SuiteRunner$SuiteWorker.run(SuiteRunner.java:418)
at org.testng.internal.thread.ThreadUtil.lambda$execute$0(ThreadUtil.java:64)
at java.util.concurrent.FutureTask.run(FutureTask.java:266)
at java.util.concurrent.ThreadPoolExecutor.runWorker(ThreadPoolExecutor.java:1149)
at java.util.concurrent.ThreadPoolExecutor$Worker.run(ThreadPoolExecutor.java:624)
at java.lang.Thread.run(Thread.java:748)
]]>
            </full-stacktrace>
          </exception> <!-- java.lang.AssertionError -->
          <reporter-output>
          </reporter-output>
        </test-method> <!-- createOrgTest -->
        <test-method status="PASS" signature="logoutApp()[pri:0, instance:com.Crm.Autodesk.Org.CreateOrgTest@6043cd28]" name="logoutApp" is-config="true" duration-ms="1675" started-at="2021-12-29T10:16:44 IST" finished-at="2021-12-29T10:16:45 IST">
          <reporter-output>
          </reporter-output>
        </test-method> <!-- logoutApp -->
        <test-method status="PASS" signature="closeBrowser()[pri:0, instance:com.Crm.Autodesk.Org.CreateOrgTest@6043cd28]" name="closeBrowser" is-config="true" duration-ms="733" started-at="2021-12-29T10:16:45 IST" finished-at="2021-12-29T10:16:46 IST">
          <reporter-output>
          </reporter-output>
        </test-method> <!-- closeBrowser -->
      </class> <!-- com.Crm.Autodesk.Org.CreateOrgTest -->
    </test> <!-- TestRunner-Chrome -->
    <test name="TestRunner-firefox" duration-ms="45577" started-at="2021-12-29T10:16:20 IST" finished-at="2021-12-29T10:17:06 IST">
      <class name="com.Crm.Autodesk.Org.CreateOrgTest">
        <test-method status="PASS" signature="dbconnection()[pri:0, instance:com.Crm.Autodesk.Org.CreateOrgTest@569cfc36]" name="dbconnection" is-config="true" duration-ms="11" started-at="2021-12-29T10:16:20 IST" finished-at="2021-12-29T10:16:20 IST">
          <reporter-output>
          </reporter-output>
        </test-method> <!-- dbconnection -->
        <test-method status="PASS" signature="launchBrowser()[pri:0, instance:com.Crm.Autodesk.Org.CreateOrgTest@569cfc36]" name="launchBrowser" is-config="true" duration-ms="5597" started-at="2021-12-29T10:16:20 IST" finished-at="2021-12-29T10:16:26 IST">
          <reporter-output>
          </reporter-output>
        </test-method> <!-- launchBrowser -->
        <test-method status="PASS" signature="loginToApp()[pri:0, instance:com.Crm.Autodesk.Org.CreateOrgTest@569cfc36]" name="loginToApp" is-config="true" duration-ms="6709" started-at="2021-12-29T10:16:26 IST" finished-at="2021-12-29T10:16:32 IST">
          <reporter-output>
          </reporter-output>
        </test-method> <!-- loginToApp -->
        <test-method status="FAIL" signature="createOrgTest()[pri:0, instance:com.Crm.Autodesk.Org.CreateOrgTest@569cfc36]" name="createOrgTest" duration-ms="10898" started-at="2021-12-29T10:16:32 IST" finished-at="2021-12-29T10:16:43 IST">
          <exception class="java.lang.AssertionError">
            <message>
              <![CDATA[null]]>
            </message>
            <full-stacktrace>
              <![CDATA[java.lang.AssertionError: null
at org.testng.Assert.fail(Assert.java:99)
at org.testng.Assert.fail(Assert.java:106)
at com.Crm.Autodesk.Org.CreateOrgTest.createOrgTest(CreateOrgTest.java:30)
at sun.reflect.NativeMethodAccessorImpl.invoke0(Native Method)
at sun.reflect.NativeMethodAccessorImpl.invoke(NativeMethodAccessorImpl.java:62)
at sun.reflect.DelegatingMethodAccessorImpl.invoke(DelegatingMethodAccessorImpl.java:43)
at java.lang.reflect.Method.invoke(Method.java:498)
at org.testng.internal.MethodInvocationHelper.invokeMethod(MethodInvocationHelper.java:133)
at org.testng.internal.TestInvoker.invokeMethod(TestInvoker.java:598)
at org.testng.internal.TestInvoker.invokeTestMethod(TestInvoker.java:173)
at org.testng.internal.MethodRunner.runInSequence(MethodRunner.java:46)
at org.testng.internal.TestInvoker$MethodInvocationAgent.invoke(TestInvoker.java:824)
at org.testng.internal.TestInvoker.invokeTestMethods(TestInvoker.java:146)
at org.testng.internal.TestMethodWorker.invokeTestMethods(TestMethodWorker.java:146)
at org.testng.internal.TestMethodWorker.run(TestMethodWorker.java:128)
at java.util.ArrayList.forEach(ArrayList.java:1257)
at org.testng.TestRunner.privateRun(TestRunner.java:794)
at org.testng.TestRunner.run(TestRunner.java:596)
at org.testng.SuiteRunner.runTest(SuiteRunner.java:377)
at org.testng.SuiteRunner.access$000(SuiteRunner.java:28)
at org.testng.SuiteRunner$SuiteWorker.run(SuiteRunner.java:418)
at org.testng.internal.thread.ThreadUtil.lambda$execute$0(ThreadUtil.java:64)
at java.util.concurrent.FutureTask.run(FutureTask.java:266)
at java.util.concurrent.ThreadPoolExecutor.runWorker(ThreadPoolExecutor.java:1149)
at java.util.concurrent.ThreadPoolExecutor$Worker.run(ThreadPoolExecutor.java:624)
at java.lang.Thread.run(Thread.java:748)
]]>
            </full-stacktrace>
          </exception> <!-- java.lang.AssertionError -->
          <reporter-output>
          </reporter-output>
        </test-method> <!-- createOrgTest -->
        <test-method status="PASS" signature="logoutApp()[pri:0, instance:com.Crm.Autodesk.Org.CreateOrgTest@569cfc36]" name="logoutApp" is-config="true" duration-ms="1536" started-at="2021-12-29T10:16:44 IST" finished-at="2021-12-29T10:16:45 IST">
          <reporter-output>
          </reporter-output>
        </test-method> <!-- logoutApp -->
        <test-method status="PASS" signature="closeBrowser()[pri:0, instance:com.Crm.Autodesk.Org.CreateOrgTest@569cfc36]" name="closeBrowser" is-config="true" duration-ms="722" started-at="2021-12-29T10:16:45 IST" finished-at="2021-12-29T10:16:46 IST">
          <reporter-output>
          </reporter-output>
        </test-method> <!-- closeBrowser -->
        <test-method status="PASS" signature="closeDbconnection()[pri:0, instance:com.Crm.Autodesk.Org.CreateOrgTest@569cfc36]" name="closeDbconnection" is-config="true" duration-ms="1" started-at="2021-12-29T10:17:06 IST" finished-at="2021-12-29T10:17:06 IST">
          <reporter-output>
          </reporter-output>
        </test-method> <!-- closeDbconnection -->
      </class> <!-- com.Crm.Autodesk.Org.CreateOrgTest -->
      <class name="com.AutoDesk.contacts.CreateContacttTest">
        <test-method status="PASS" signature="launchBrowser()[pri:0, instance:com.AutoDesk.contacts.CreateContacttTest@43bd930a]" name="launchBrowser" is-config="true" duration-ms="2423" started-at="2021-12-29T10:16:46 IST" finished-at="2021-12-29T10:16:48 IST">
          <reporter-output>
          </reporter-output>
        </test-method> <!-- launchBrowser -->
        <test-method status="PASS" signature="loginToApp()[pri:0, instance:com.AutoDesk.contacts.CreateContacttTest@43bd930a]" name="loginToApp" is-config="true" duration-ms="2427" started-at="2021-12-29T10:16:48 IST" finished-at="2021-12-29T10:16:51 IST">
          <reporter-output>
          </reporter-output>
        </test-method> <!-- loginToApp -->
        <test-method status="PASS" signature="CreateContacttTest()[pri:0, instance:com.AutoDesk.contacts.CreateContacttTest@43bd930a]" name="CreateContacttTest" duration-ms="12253" started-at="2021-12-29T10:16:51 IST" finished-at="2021-12-29T10:17:03 IST">
          <reporter-output>
          </reporter-output>
        </test-method> <!-- CreateContacttTest -->
        <test-method status="PASS" signature="logoutApp()[pri:0, instance:com.AutoDesk.contacts.CreateContacttTest@43bd930a]" name="logoutApp" is-config="true" duration-ms="1755" started-at="2021-12-29T10:17:03 IST" finished-at="2021-12-29T10:17:05 IST">
          <reporter-output>
          </reporter-output>
        </test-method> <!-- logoutApp -->
        <test-method status="PASS" signature="closeBrowser()[pri:0, instance:com.AutoDesk.contacts.CreateContacttTest@43bd930a]" name="closeBrowser" is-config="true" duration-ms="752" started-at="2021-12-29T10:17:05 IST" finished-at="2021-12-29T10:17:06 IST">
          <reporter-output>
          </reporter-output>
        </test-method> <!-- closeBrowser -->
      </class> <!-- com.AutoDesk.contacts.CreateContacttTest -->
    </test> <!-- TestRunner-firefox -->
  </suite> <!-- Suite -->
</testng-results>
