<?xml version="1.0" encoding="UTF-8"?>
<!-- Generated by org.testng.reporters.JUnitXMLReporter -->
<testsuite hostname="LAPTOP-B0EANC92" ignored="2" name="TestRunner-firefox" tests="2" failures="1" timestamp="2021-12-29T10:17:06 IST" time="45.577" errors="0">
  <testcase name="createOrgTest" time="10.898" classname="com.Crm.Autodesk.Org.CreateOrgTest">
    <failure type="java.lang.AssertionError" message="null">
      <![CDATA[java.lang.AssertionError: null
at com.Crm.Autodesk.Org.CreateOrgTest.createOrgTest(CreateOrgTest.java:30)
at java.util.ArrayList.forEach(ArrayList.java:1257)
at java.util.concurrent.FutureTask.run(FutureTask.java:266)
at java.util.concurrent.ThreadPoolExecutor.runWorker(ThreadPoolExecutor.java:1149)
at java.util.concurrent.ThreadPoolExecutor$Worker.run(ThreadPoolExecutor.java:624)
at java.lang.Thread.run(Thread.java:748)
... Removed 20 stack frames]]>
    </failure>
  </testcase> <!-- createOrgTest -->
  <testcase name="CreateContacttTest" time="12.253" classname="com.AutoDesk.contacts.CreateContacttTest"/>
  <testcase name="@BeforeSuite dbconnection" time="0.0" classname="com.crm.autodesk.GenericUtility.BaseClass">
    <ignored/>
  </testcase> <!-- @BeforeSuite dbconnection -->
  <testcase name="@AfterSuite closeDbconnection" time="0.0" classname="com.crm.autodesk.GenericUtility.BaseClass">
    <ignored/>
  </testcase> <!-- @AfterSuite closeDbconnection -->
</testsuite> <!-- TestRunner-firefox -->
